<?xml version="1.0" encoding="UTF-8"?>
<!-- Generated by org.testng.reporters.JUnitReportReporter -->
<testsuite hostname="MacbookPro.local" failures="0" tests="1" name="Project1.purchase" time="33.113" errors="0" timestamp="2024-08-28T18:41:26 IST" skipped="0">
  <testcase classname="Project1.purchase" name="testExample" time="33.113"/>
</testsuite> <!-- Project1.purchase -->
