<?xml version="1.0" encoding="UTF-8"?>
<!-- Generated by org.testng.reporters.JUnitReportReporter -->
<testsuite hostname="MacbookPro.local" failures="0" tests="1" name="Project1.adminonboarding" time="2.498" errors="0" timestamp="2024-08-28T19:08:08 IST" skipped="0">
  <testcase classname="Project1.adminonboarding" name="testExamples" time="2.498"/>
</testsuite> <!-- Project1.adminonboarding -->
